0 info it worked if it ends with ok
1 verbose cli [ 'C:\\Program Files (x86)\\nodejs\\node.exe',
1 verbose cli   'C:\\Program Files (x86)\\nodejs\\node_modules\\npm\\bin\\npm-cli.js',
1 verbose cli   'install',
1 verbose cli   'pubsuffix',
1 verbose cli   '--save' ]
2 info using npm@2.14.7
3 info using node@v4.2.3
4 verbose install initial load of C:\Users\s141708\Documents\GitHub\WebTech\App35\package.json
5 warn package.json App35@0.1.5 No repository field.
6 warn package.json App35@0.1.5 No license field.
7 verbose installManyTop reading scoped package data from C:\Users\s141708\Documents\GitHub\WebTech\App35\node_modules\bcrypt-nodejs\package.json
8 verbose installManyTop reading scoped package data from C:\Users\s141708\Documents\GitHub\WebTech\App35\node_modules\body-parser\package.json
9 verbose installManyTop reading scoped package data from C:\Users\s141708\Documents\GitHub\WebTech\App35\node_modules\connect-flash\package.json
10 verbose installManyTop reading scoped package data from C:\Users\s141708\Documents\GitHub\WebTech\App35\node_modules\cookie-parser\package.json
11 verbose installManyTop reading scoped package data from C:\Users\s141708\Documents\GitHub\WebTech\App35\node_modules\ejs\package.json
12 verbose installManyTop reading scoped package data from C:\Users\s141708\Documents\GitHub\WebTech\App35\node_modules\express\package.json
13 verbose installManyTop reading scoped package data from C:\Users\s141708\Documents\GitHub\WebTech\App35\node_modules\express-session\package.json
14 verbose installManyTop reading scoped package data from C:\Users\s141708\Documents\GitHub\WebTech\App35\node_modules\jQuery\package.json
15 verbose installManyTop reading scoped package data from C:\Users\s141708\Documents\GitHub\WebTech\App35\node_modules\jsdom\package.json
16 verbose installManyTop reading scoped package data from C:\Users\s141708\Documents\GitHub\WebTech\App35\node_modules\method-override\package.json
17 verbose installManyTop reading scoped package data from C:\Users\s141708\Documents\GitHub\WebTech\App35\node_modules\mongoose\package.json
18 verbose installManyTop reading scoped package data from C:\Users\s141708\Documents\GitHub\WebTech\App35\node_modules\morgan\package.json
19 verbose installManyTop reading scoped package data from C:\Users\s141708\Documents\GitHub\WebTech\App35\node_modules\passport\package.json
20 verbose installManyTop reading scoped package data from C:\Users\s141708\Documents\GitHub\WebTech\App35\node_modules\passport-local\package.json
21 verbose installManyTop reading scoped package data from C:\Users\s141708\Documents\GitHub\WebTech\App35\node_modules\xmlhttprequest\package.json
22 info package.json cookie-parser@1.0.1 No license field.
23 info package.json bcrypt-nodejs@0.0.3 No license field.
24 info package.json connect-flash@0.1.1 No license field.
25 info package.json mongoose@3.8.37 No license field.
26 info package.json passport-local@0.1.6 No license field.
27 info package.json passport@0.1.18 No license field.
28 info package.json jQuery@1.7.4 No license field.
29 verbose readDependencies loading dependencies from C:\Users\s141708\Documents\GitHub\WebTech\App35\package.json
30 silly cache add args [ 'pubsuffix', null ]
31 verbose cache add spec pubsuffix
32 silly cache add parsed spec Result {
32 silly cache add   raw: 'pubsuffix',
32 silly cache add   scope: null,
32 silly cache add   name: 'pubsuffix',
32 silly cache add   rawSpec: '',
32 silly cache add   spec: '*',
32 silly cache add   type: 'range' }
33 silly addNamed pubsuffix@*
34 verbose addNamed "*" is a valid semver range for pubsuffix
35 silly addNameRange { name: 'pubsuffix', range: '*', hasData: false }
36 silly mapToRegistry name pubsuffix
37 silly mapToRegistry using default registry
38 silly mapToRegistry registry https://registry.npmjs.org/
39 silly mapToRegistry uri https://registry.npmjs.org/pubsuffix
40 verbose addNameRange registry:https://registry.npmjs.org/pubsuffix not in flight; fetching
41 verbose request uri https://registry.npmjs.org/pubsuffix
42 verbose request no auth needed
43 info attempt registry request try #1 at 15:52:34
44 verbose request id 8fb43670c0c22e56
45 http request GET https://registry.npmjs.org/pubsuffix
46 http 404 https://registry.npmjs.org/pubsuffix
47 verbose headers { 'content-type': 'application/json',
47 verbose headers   'cache-control': 'max-age=0',
47 verbose headers   'content-length': '2',
47 verbose headers   'accept-ranges': 'bytes',
47 verbose headers   date: 'Thu, 14 Jan 2016 14:52:34 GMT',
47 verbose headers   via: '1.1 varnish',
47 verbose headers   age: '0',
47 verbose headers   connection: 'keep-alive',
47 verbose headers   'x-served-by': 'cache-ams4129-AMS',
47 verbose headers   'x-cache': 'MISS',
47 verbose headers   'x-cache-hits': '0',
47 verbose headers   'x-timer': 'S1452783154.103094,VS0,VE103' }
48 silly get cb [ 404,
48 silly get   { 'content-type': 'application/json',
48 silly get     'cache-control': 'max-age=0',
48 silly get     'content-length': '2',
48 silly get     'accept-ranges': 'bytes',
48 silly get     date: 'Thu, 14 Jan 2016 14:52:34 GMT',
48 silly get     via: '1.1 varnish',
48 silly get     age: '0',
48 silly get     connection: 'keep-alive',
48 silly get     'x-served-by': 'cache-ams4129-AMS',
48 silly get     'x-cache': 'MISS',
48 silly get     'x-cache-hits': '0',
48 silly get     'x-timer': 'S1452783154.103094,VS0,VE103' } ]
49 verbose stack Error: Registry returned 404 for GET on https://registry.npmjs.org/pubsuffix
49 verbose stack     at makeError (C:\Program Files (x86)\nodejs\node_modules\npm\node_modules\npm-registry-client\lib\request.js:264:12)
49 verbose stack     at CachingRegistryClient.<anonymous> (C:\Program Files (x86)\nodejs\node_modules\npm\node_modules\npm-registry-client\lib\request.js:242:14)
49 verbose stack     at Request._callback (C:\Program Files (x86)\nodejs\node_modules\npm\node_modules\npm-registry-client\lib\request.js:172:14)
49 verbose stack     at Request.self.callback (C:\Program Files (x86)\nodejs\node_modules\npm\node_modules\request\request.js:198:22)
49 verbose stack     at emitTwo (events.js:87:13)
49 verbose stack     at Request.emit (events.js:172:7)
49 verbose stack     at Request.<anonymous> (C:\Program Files (x86)\nodejs\node_modules\npm\node_modules\request\request.js:1063:14)
49 verbose stack     at emitOne (events.js:82:20)
49 verbose stack     at Request.emit (events.js:169:7)
49 verbose stack     at IncomingMessage.<anonymous> (C:\Program Files (x86)\nodejs\node_modules\npm\node_modules\request\request.js:1009:12)
50 verbose statusCode 404
51 verbose pkgid pubsuffix
52 verbose cwd C:\Users\s141708\Documents\GitHub\WebTech\App35
53 error Windows_NT 6.3.9600
54 error argv "C:\\Program Files (x86)\\nodejs\\node.exe" "C:\\Program Files (x86)\\nodejs\\node_modules\\npm\\bin\\npm-cli.js" "install" "pubsuffix" "--save"
55 error node v4.2.3
56 error npm  v2.14.7
57 error code E404
58 error 404 Registry returned 404 for GET on https://registry.npmjs.org/pubsuffix
58 error 404
58 error 404 'pubsuffix' is not in the npm registry.
58 error 404 You should bug the author to publish it (or use the name yourself!)
58 error 404 It was specified as a dependency of 'App35'
58 error 404
58 error 404 Note that you can also install from a
58 error 404 tarball, folder, http url, or git url.
59 verbose exit [ 1, true ]
